TN:
SF:0g.config.js
FNF:0
FNH:0
DA:4,1
LF:1
LH:1
BRDA:8,0,0,1
BRDA:8,0,1,1
BRDA:8,0,2,1
BRDA:17,1,0,1
BRDA:17,1,1,1
BRDA:18,2,0,1
BRDA:18,2,1,1
BRF:7
BRH:7
end_of_record
TN:
SF:src/api/server.js
FN:31,authMiddleware
FN:40,(anonymous_1)
FN:61,(anonymous_2)
FN:69,(anonymous_3)
FN:87,(anonymous_4)
FN:100,(anonymous_5)
FN:115,(anonymous_6)
FN:130,(anonymous_7)
FN:146,(anonymous_8)
FNF:9
FNH:4
FNDA:6,authMiddleware
FNDA:6,(anonymous_1)
FNDA:0,(anonymous_2)
FNDA:2,(anonymous_3)
FNDA:1,(anonymous_4)
FNDA:0,(anonymous_5)
FNDA:0,(anonymous_6)
FNDA:0,(anonymous_7)
FNDA:0,(anonymous_8)
DA:2,1
DA:3,1
DA:4,1
DA:5,1
DA:6,1
DA:9,1
DA:12,1
DA:15,1
DA:17,1
DA:19,1
DA:20,1
DA:23,1
DA:26,1
DA:28,1
DA:32,6
DA:33,6
DA:34,0
DA:36,6
DA:40,1
DA:42,6
DA:45,6
DA:46,0
DA:48,6
DA:49,6
DA:50,1
DA:54,5
DA:55,1
DA:58,4
DA:59,4
DA:61,4
DA:62,4
DA:64,0
DA:69,1
DA:70,2
DA:71,2
DA:72,2
DA:74,0
DA:87,1
DA:88,1
DA:90,1
DA:92,1
DA:95,0
DA:100,1
DA:101,0
DA:111,1
DA:112,1
DA:115,1
DA:116,0
DA:117,0
DA:118,0
DA:120,0
DA:121,0
DA:126,1
DA:127,1
DA:130,1
DA:131,0
DA:135,1
DA:138,1
DA:139,1
DA:140,0
DA:141,0
DA:142,0
DA:143,0
DA:144,0
DA:146,0
DA:147,0
DA:148,0
DA:151,0
DA:152,0
DA:153,0
DA:154,0
DA:155,0
DA:157,0
DA:160,0
LF:74
LH:47
BRDA:17,0,0,1
BRDA:17,0,1,1
BRDA:28,1,0,1
BRDA:28,1,1,0
BRDA:32,2,0,6
BRDA:32,2,1,0
BRDA:33,3,0,0
BRDA:33,3,1,6
BRDA:33,4,0,6
BRDA:33,4,1,6
BRDA:45,5,0,0
BRDA:45,5,1,6
BRDA:45,6,0,6
BRDA:45,6,1,6
BRDA:49,7,0,1
BRDA:49,7,1,5
BRDA:49,8,0,6
BRDA:49,8,1,6
BRDA:49,8,2,5
BRDA:54,9,0,1
BRDA:54,9,1,4
BRDA:54,10,0,5
BRDA:54,10,1,5
BRDA:102,11,0,0
BRDA:102,11,1,0
BRDA:103,12,0,0
BRDA:103,12,1,0
BRDA:104,13,0,0
BRDA:104,13,1,0
BRDA:105,14,0,0
BRDA:105,14,1,0
BRDA:106,15,0,0
BRDA:106,15,1,0
BRDA:138,16,0,1
BRDA:138,16,1,1
BRDA:139,17,0,0
BRDA:139,17,1,1
BRDA:141,18,0,0
BRDA:141,18,1,0
BRDA:142,19,0,0
BRDA:142,19,1,0
BRDA:143,20,0,0
BRDA:143,20,1,0
BRDA:144,21,0,0
BRDA:144,21,1,0
BRDA:152,22,0,0
BRDA:152,22,1,0
BRDA:152,23,0,0
BRDA:152,23,1,0
BRF:49
BRH:22
end_of_record
TN:
SF:src/keeperhub/client.js
FN:4,executeSignal
FN:18,getStatus
FN:23,getBalance
FNF:3
FNH:0
FNDA:0,executeSignal
FNDA:0,getStatus
FNDA:0,getBalance
DA:6,0
DA:7,0
DA:9,0
DA:10,0
DA:11,0
DA:14,0
DA:19,0
DA:24,0
DA:27,2
LF:9
LH:1
BRDA:6,0,0,0
BRDA:6,0,1,0
BRDA:6,1,0,0
BRDA:6,1,1,0
BRDA:10,2,0,0
BRDA:10,2,1,0
BRDA:10,3,0,0
BRDA:10,3,1,0
BRDA:10,3,2,0
BRF:9
BRH:0
end_of_record
TN:
SF:src/keeperhub/service.js
FN:15,executeSignalService
FN:41,getStatusService
FN:57,processQueue
FNF:3
FNH:3
FNDA:6,executeSignalService
FNDA:1,getStatusService
FNDA:3,processQueue
DA:3,1
DA:6,1
DA:9,1
DA:12,1
DA:17,6
DA:18,0
DA:21,6
DA:23,6
DA:26,6
DA:27,2
DA:31,4
DA:33,3
DA:36,1
DA:42,1
DA:44,1
DA:46,1
DA:52,0
DA:58,3
DA:59,3
DA:60,3
DA:63,3
DA:65,3
DA:66,3
DA:68,2
DA:70,2
DA:71,2
DA:72,1
DA:74,1
DA:78,0
DA:83,3
DA:87,1
LF:31
LH:28
BRDA:17,0,0,0
BRDA:17,0,1,6
BRDA:17,1,0,6
BRDA:17,1,1,6
BRDA:26,2,0,2
BRDA:26,2,1,4
BRDA:57,3,0,0
BRDA:66,4,0,1
BRDA:66,4,1,2
BRDA:71,5,0,1
BRDA:71,5,1,1
BRF:11
BRH:9
end_of_record
TN:
SF:src/scraper/birdeye.js
FN:6,getTokenMetadata
FNF:1
FNH:1
FNDA:1,getTokenMetadata
DA:2,1
DA:4,1
DA:7,1
DA:8,0
DA:11,1
DA:12,1
DA:19,1
DA:20,1
DA:28,0
DA:32,1
LF:10
LH:8
BRDA:7,0,0,0
BRDA:7,0,1,1
BRDA:15,1,0,1
BRDA:15,1,1,1
BRDA:19,2,0,1
BRDA:19,2,1,0
BRDA:22,3,0,1
BRDA:22,3,1,0
BRDA:23,4,0,1
BRDA:23,4,1,0
BRDA:24,5,0,1
BRDA:24,5,1,1
BRF:12
BRH:8
end_of_record
TN:
SF:src/scraper/helius.js
FN:6,getTokenActivity
FN:19,(anonymous_1)
FNF:2
FNH:2
FNDA:1,getTokenActivity
FNDA:1,(anonymous_1)
DA:2,1
DA:4,1
DA:7,1
DA:8,0
DA:11,1
DA:12,1
DA:18,1
DA:19,1
DA:21,1
DA:28,0
DA:32,1
LF:11
LH:9
BRDA:7,0,0,0
BRDA:7,0,1,1
BRDA:14,1,0,1
BRDA:14,1,1,1
BRDA:18,2,0,1
BRDA:18,2,1,0
BRDA:19,3,0,1
BRDA:19,3,1,0
BRDA:23,4,0,1
BRDA:23,4,1,0
BRDA:24,5,0,1
BRDA:24,5,1,0
BRF:12
BRH:7
end_of_record
TN:
SF:src/scraper/jupiter.js
FN:6,getTokenPrice
FNF:1
FNH:1
FNDA:1,getTokenPrice
DA:2,1
DA:4,1
DA:7,1
DA:8,0
DA:11,1
DA:12,1
DA:16,1
DA:17,0
DA:20,1
DA:21,1
DA:27,0
DA:31,1
LF:12
LH:9
BRDA:7,0,0,0
BRDA:7,0,1,1
BRDA:16,1,0,0
BRDA:16,1,1,1
BRDA:23,2,0,1
BRDA:23,2,1,0
BRF:6
BRH:3
end_of_record
TN:
SF:src/telegram/bot.js
FN:17,safeReply
FN:26,(anonymous_1)
FN:46,(anonymous_2)
FN:63,(anonymous_3)
FN:87,(anonymous_4)
FN:90,(anonymous_5)
FN:114,(anonymous_6)
FN:128,(anonymous_7)
FN:139,(anonymous_8)
FN:148,(anonymous_9)
FN:156,(anonymous_10)
FN:175,(anonymous_11)
FN:185,(anonymous_12)
FN:196,notifySignalReceived
FN:207,notifyTradeExecuted
FNF:15
FNH:4
FNDA:0,safeReply
FNDA:0,(anonymous_1)
FNDA:0,(anonymous_2)
FNDA:0,(anonymous_3)
FNDA:2,(anonymous_4)
FNDA:0,(anonymous_5)
FNDA:1,(anonymous_6)
FNDA:1,(anonymous_7)
FNDA:0,(anonymous_8)
FNDA:0,(anonymous_9)
FNDA:0,(anonymous_10)
FNDA:0,(anonymous_11)
FNDA:0,(anonymous_12)
FNDA:4,notifySignalReceived
FNDA:0,notifyTradeExecuted
DA:2,2
DA:3,2
DA:4,2
DA:6,2
DA:7,2
DA:8,1
DA:11,2
DA:14,2
DA:18,0
DA:19,0
DA:21,0
DA:26,2
DA:27,0
DA:28,0
DA:42,0
DA:46,2
DA:47,0
DA:48,0
DA:59,0
DA:63,2
DA:64,0
DA:65,0
DA:66,0
DA:67,0
DA:68,0
DA:80,0
DA:82,0
DA:87,2
DA:88,2
DA:89,0
DA:90,0
DA:92,0
DA:93,0
DA:96,0
DA:97,0
DA:99,0
DA:100,0
DA:103,0
DA:105,0
DA:106,0
DA:107,0
DA:109,0
DA:114,2
DA:115,1
DA:116,0
DA:117,0
DA:118,0
DA:119,0
DA:121,0
DA:123,0
DA:128,2
DA:129,1
DA:130,0
DA:131,0
DA:132,0
DA:134,0
DA:139,2
DA:140,0
DA:141,0
DA:145,0
DA:148,0
DA:152,0
DA:156,2
DA:157,0
DA:158,0
DA:171,0
DA:175,2
DA:176,0
DA:177,0
DA:178,0
DA:179,0
DA:180,0
DA:181,0
DA:182,0
DA:185,2
DA:186,0
DA:187,0
DA:188,0
DA:189,0
DA:190,0
DA:191,0
DA:192,0
DA:197,4
DA:198,4
DA:199,0
DA:200,0
DA:202,0
DA:208,0
DA:214,0
DA:215,0
DA:216,0
DA:218,0
DA:223,2
DA:224,2
DA:225,2
DA:226,2
LF:96
LH:27
BRDA:7,0,0,1
BRDA:7,0,1,1
BRDA:11,1,0,2
BRDA:11,1,1,1
BRDA:71,2,0,0
BRDA:71,2,1,0
BRDA:72,3,0,0
BRDA:72,3,1,0
BRDA:78,4,0,0
BRDA:78,4,1,0
BRDA:89,5,0,0
BRDA:89,5,1,0
BRDA:92,6,0,0
BRDA:92,6,1,0
BRDA:99,7,0,0
BRDA:99,7,1,0
BRDA:99,8,0,0
BRDA:99,8,1,0
BRDA:99,8,2,0
BRDA:118,9,0,0
BRDA:118,9,1,0
BRDA:212,10,0,0
BRDA:212,10,1,0
BRF:23
BRH:4
end_of_record
